<?xml version="1.0" encoding="UTF-8"?>
<testng-results skipped="0" failed="0" total="1" passed="1">
  <reporter-output>
  </reporter-output>
  <suite name="Default suite" duration-ms="32697" started-at="2017-02-02T06:47:24Z" finished-at="2017-02-02T06:47:57Z">
    <groups>
    </groups>
    <test name="Default test" duration-ms="32697" started-at="2017-02-02T06:47:24Z" finished-at="2017-02-02T06:47:57Z">
      <class name="com.baidu.test.Baidu">
        <test-method status="PASS" signature="beforeMethod()[pri:0, instance:com.baidu.test.Baidu@5782df]" name="beforeMethod" is-config="true" duration-ms="7" started-at="2017-02-02T14:47:24Z" finished-at="2017-02-02T14:47:24Z">
          <reporter-output>
          </reporter-output>
        </test-method> <!-- beforeMethod -->
        <test-method status="PASS" signature="BaiduTest()[pri:0, instance:com.baidu.test.Baidu@5782df]" name="BaiduTest" duration-ms="31312" started-at="2017-02-02T14:47:24Z" finished-at="2017-02-02T14:47:55Z">
          <reporter-output>
          </reporter-output>
        </test-method> <!-- BaiduTest -->
        <test-method status="PASS" signature="afterMethod()[pri:0, instance:com.baidu.test.Baidu@5782df]" name="afterMethod" is-config="true" duration-ms="1348" started-at="2017-02-02T14:47:55Z" finished-at="2017-02-02T14:47:57Z">
          <reporter-output>
          </reporter-output>
        </test-method> <!-- afterMethod -->
      </class> <!-- com.baidu.test.Baidu -->
    </test> <!-- Default test -->
  </suite> <!-- Default suite -->
</testng-results>
